time="2020-03-14T02:34:22Z" level=info msg="Starting signal distributor" 
time="2020-03-14T02:34:32Z" level=info msg="No configurations assigned to this instance. Skipping configuration request." 
time="2020-03-14T02:36:02Z" level=info msg="Adding process runner for: filebeat" 
time="2020-03-14T02:36:02Z" level=info msg="[filebeat] Configuration change detected, rewriting configuration file." 
time="2020-03-14T02:36:02Z" level=info msg="[filebeat] Starting (exec driver)" 
time="2020-03-14T02:46:43Z" level=info msg="Starting signal distributor" 
time="2020-03-14T02:46:53Z" level=info msg="Adding process runner for: filebeat" 
time="2020-03-14T02:46:53Z" level=info msg="[filebeat] Configuration change detected, rewriting configuration file." 
time="2020-03-14T02:46:53Z" level=info msg="[filebeat] Starting (exec driver)" 
time="2020-03-14T03:01:57Z" level=info msg="Starting signal distributor" 
time="2020-03-14T03:02:07Z" level=info msg="No configurations assigned to this instance. Skipping configuration request." 
time="2020-03-14T03:02:47Z" level=info msg="Adding process runner for: filebeat" 
time="2020-03-14T03:02:47Z" level=info msg="[filebeat] Configuration change detected, rewriting configuration file." 
time="2020-03-14T03:02:48Z" level=info msg="[filebeat] Starting (exec driver)" 
time="2020-03-14T03:09:48Z" level=info msg="Starting signal distributor" 
time="2020-03-14T03:09:58Z" level=info msg="Adding process runner for: filebeat" 
time="2020-03-14T03:09:58Z" level=info msg="[filebeat] Configuration change detected, rewriting configuration file." 
time="2020-03-14T03:09:58Z" level=info msg="[filebeat] Starting (exec driver)" 
time="2020-03-14T03:12:15Z" level=info msg="Starting signal distributor" 
time="2020-03-14T03:12:25Z" level=info msg="Adding process runner for: filebeat" 
time="2020-03-14T03:12:25Z" level=info msg="[filebeat] Configuration change detected, rewriting configuration file." 
time="2020-03-14T03:12:25Z" level=info msg="[filebeat] Starting (exec driver)" 
time="2020-03-14T03:14:02Z" level=info msg="Starting signal distributor" 
time="2020-03-14T03:14:12Z" level=info msg="Adding process runner for: filebeat" 
time="2020-03-14T03:14:12Z" level=info msg="[filebeat] Configuration change detected, rewriting configuration file." 
time="2020-03-14T03:14:12Z" level=info msg="[filebeat] Starting (exec driver)" 
time="2020-03-14T03:23:25Z" level=info msg="Starting signal distributor" 
time="2020-03-14T03:23:35Z" level=info msg="Adding process runner for: filebeat" 
time="2020-03-14T03:23:35Z" level=info msg="[filebeat] Configuration change detected, rewriting configuration file." 
time="2020-03-14T03:23:35Z" level=info msg="[filebeat] Starting (exec driver)" 
time="2020-03-14T03:24:05Z" level=info msg="[filebeat] Configuration change detected, rewriting configuration file." 
time="2020-03-14T03:24:05Z" level=info msg="[filebeat] Stopping" 
time="2020-03-14T03:24:07Z" level=info msg="[filebeat] Starting (exec driver)" 
time="2020-03-14T03:27:46Z" level=info msg="Starting signal distributor" 
time="2020-03-14T03:27:56Z" level=info msg="Adding process runner for: filebeat" 
time="2020-03-14T03:27:56Z" level=info msg="[filebeat] Configuration change detected, rewriting configuration file." 
time="2020-03-14T03:27:56Z" level=info msg="[filebeat] Starting (exec driver)" 
time="2020-03-14T04:02:21Z" level=info msg="Starting signal distributor" 
time="2020-03-14T04:02:31Z" level=info msg="Adding process runner for: filebeat" 
time="2020-03-14T04:02:31Z" level=info msg="[filebeat] Configuration change detected, rewriting configuration file." 
time="2020-03-14T04:02:31Z" level=info msg="[filebeat] Starting (exec driver)" 
time="2020-03-14T22:49:53Z" level=error msg="[UpdateRegistration] Failed to report collector status to server: Put http://graylog:9000/api/sidecars/1d4a2a0e: dial tcp: lookup graylog on 127.0.0.11:53: no such host" 
time="2020-03-14T22:51:20Z" level=info msg="Starting signal distributor" 
time="2020-03-14T22:51:30Z" level=error msg="[UpdateRegistration] Failed to report collector status to server: Put http://graylog:9000/api/sidecars/1d4a2a0e: dial tcp 172.19.0.5:9000: connect: connection refused" 
time="2020-03-14T22:51:40Z" level=error msg="[UpdateRegistration] Failed to report collector status to server: Put http://graylog:9000/api/sidecars/1d4a2a0e: dial tcp 172.19.0.5:9000: connect: connection refused" 
time="2020-03-14T22:51:50Z" level=error msg="[UpdateRegistration] Failed to report collector status to server: Put http://graylog:9000/api/sidecars/1d4a2a0e: dial tcp 172.19.0.5:9000: connect: connection refused" 
time="2020-03-14T22:52:01Z" level=info msg="Adding process runner for: filebeat" 
time="2020-03-14T22:52:01Z" level=info msg="[filebeat] Configuration change detected, rewriting configuration file." 
time="2020-03-14T22:52:01Z" level=info msg="[filebeat] Starting (exec driver)" 
time="2020-03-15T00:26:43Z" level=info msg="Starting signal distributor" 
time="2020-03-15T00:26:53Z" level=info msg="No configurations assigned to this instance. Skipping configuration request." 
time="2020-03-15T00:27:33Z" level=info msg="Adding process runner for: filebeat" 
time="2020-03-15T00:27:33Z" level=info msg="[filebeat] Configuration change detected, rewriting configuration file." 
time="2020-03-15T00:27:33Z" level=info msg="[filebeat] Starting (exec driver)" 
